<?xml version="1.0" encoding="UTF-8"?>
<testsuite xmlns:xsi="http://www.w3.org/2001/XMLSchema-instance" xsi:noNamespaceSchemaLocation="https://maven.apache.org/surefire/maven-surefire-plugin/xsd/surefire-test-report.xsd" name="se.kth.iv1350.pos.controller.ControllerTest" time="0.028" tests="8" errors="0" skipped="0" failures="0">
  <properties>
[...]
</properties>
  <testcase name="testTotalAmount" classname="se.kth.iv1350.pos.controller.ControllerTest" time="0.02"/>
  <testcase name="testRegisterPayment" classname="se.kth.iv1350.pos.controller.ControllerTest" time="0"/>
  <testcase name="testScanItem" classname="se.kth.iv1350.pos.controller.ControllerTest" time="0.001"/>
  <testcase name="testRegisterPayment2" classname="se.kth.iv1350.pos.controller.ControllerTest" time="0"/>
  <testcase name="testTotalAmount2" classname="se.kth.iv1350.pos.controller.ControllerTest" time="0.001"/>
  <testcase name="testGetReceipt" classname="se.kth.iv1350.pos.controller.ControllerTest" time="0.001"/>
  <testcase name="testRunningTotal2" classname="se.kth.iv1350.pos.controller.ControllerTest" time="0.001"/>
  <testcase name="testRunningTotal" classname="se.kth.iv1350.pos.controller.ControllerTest" time="0"/>
</testsuite>